STARTING the shadow analysis with CA
environment variables read
EXEC_NAME /home/pcw2/SMOG_check.v2_default/mohit_rice-smog2-b09b3038cd8a/smogv2

*******************************
STARTING TESTS for 2ci2_v2.pdb
*******************************


checking number of contacts and exclusions match...
166 166 PASSED
number of atoms = 65
number of atoms(excluding ligands) = 65
Dihedral energy = 62
Contact energy = 165.999999998507
max dihedral = 1.000000000e+00
min dihedral = 1.000000000e+00
generated angles, dihedrals, impropers
63 124 0
excluded volume: PASSED
contact strength: PASSED
duplicate bonds...: PASSED
duplicate angles...: PASSED
bond angles...: PASSED
dihedral angles...: PASSED
strength of rigid dihedrals: PASSED
duplicate dihedrals...: PASSED
Type-3 dihedrals...: PASSED
Dihedral weights: PASSED
protein backbone dihedrals: PASSED
protein sidechain dihedrals: PASSED
NA backbone dihedrals: PASSED
NA sidechain dihedrals: PASSED
contact distances: PASSED
PASSED: range of dihedrals ok
exclusion-pair matching: PASSED
number of non-ligand atoms 65 total E 227.999999998507

*******************************
PASSED
*******************************



*******************************
PASSED ALL BASIC TESTS for 2ci2_v2.pdb
*******************************


environment variables read
EXEC_NAME /home/pcw2/SMOG_check.v2_default/mohit_rice-smog2-b09b3038cd8a/smogv2

*******************************
STARTING TESTS for 1AKEapo_v2.pdb
*******************************


checking number of contacts and exclusions match...
635 635 PASSED
number of atoms = 214
number of atoms(excluding ligands) = 214
Dihedral energy = 211
Contact energy = 635.00000003989
max dihedral = 1.000000000e+00
min dihedral = 1.000000000e+00
generated angles, dihedrals, impropers
212 422 0
excluded volume: PASSED
contact strength: PASSED
duplicate bonds...: PASSED
duplicate angles...: PASSED
bond angles...: PASSED
dihedral angles...: PASSED
strength of rigid dihedrals: PASSED
duplicate dihedrals...: PASSED
Type-3 dihedrals...: PASSED
Dihedral weights: PASSED
protein backbone dihedrals: PASSED
protein sidechain dihedrals: PASSED
NA backbone dihedrals: PASSED
NA sidechain dihedrals: PASSED
contact distances: PASSED
PASSED: range of dihedrals ok
exclusion-pair matching: PASSED
number of non-ligand atoms 214 total E 846.00000003989

*******************************
PASSED
*******************************



*******************************
PASSED ALL BASIC TESTS for 1AKEapo_v2.pdb
*******************************


environment variables read
EXEC_NAME /home/pcw2/SMOG_check.v2_default/mohit_rice-smog2-b09b3038cd8a/smogv2

*******************************
STARTING TESTS for 1F4N_v2.pdb
*******************************


checking number of contacts and exclusions match...
296 296 PASSED
number of atoms = 108
number of atoms(excluding ligands) = 108
Dihedral energy = 102
Contact energy = 296.000000011561
max dihedral = 1.000000000e+00
min dihedral = 1.000000000e+00
generated angles, dihedrals, impropers
104 204 0
excluded volume: PASSED
contact strength: PASSED
duplicate bonds...: PASSED
duplicate angles...: PASSED
bond angles...: PASSED
dihedral angles...: PASSED
strength of rigid dihedrals: PASSED
duplicate dihedrals...: PASSED
Type-3 dihedrals...: PASSED
Dihedral weights: PASSED
protein backbone dihedrals: PASSED
protein sidechain dihedrals: PASSED
NA backbone dihedrals: PASSED
NA sidechain dihedrals: PASSED
contact distances: PASSED
PASSED: range of dihedrals ok
exclusion-pair matching: PASSED
number of non-ligand atoms 108 total E 398.000000011561

*******************************
PASSED
*******************************



*******************************
PASSED ALL BASIC TESTS for 1F4N_v2.pdb
*******************************


environment variables read
EXEC_NAME /home/pcw2/SMOG_check.v2_default/mohit_rice-smog2-b09b3038cd8a/smogv2

*******************************
STARTING TESTS for 3IZH_v2.pdb
*******************************


checking number of contacts and exclusions match...
24222 24222 PASSED
number of atoms = 8208
number of atoms(excluding ligands) = 8208
Dihedral energy = 8160
Contact energy = 24222.0000019799
max dihedral = 1.000000000e+00
min dihedral = 1.000000000e+00
generated angles, dihedrals, impropers
8176 16320 0
excluded volume: PASSED
contact strength: PASSED
duplicate bonds...: PASSED
duplicate angles...: PASSED
bond angles...: PASSED
dihedral angles...: PASSED
strength of rigid dihedrals: PASSED
duplicate dihedrals...: PASSED
Type-3 dihedrals...: PASSED
Dihedral weights: PASSED
protein backbone dihedrals: PASSED
protein sidechain dihedrals: PASSED
NA backbone dihedrals: PASSED
NA sidechain dihedrals: PASSED
contact distances: PASSED
PASSED: range of dihedrals ok
exclusion-pair matching: PASSED
number of non-ligand atoms 8208 total E 32382.0000019799

*******************************
PASSED
*******************************



*******************************
PASSED ALL BASIC TESTS for 3IZH_v2.pdb
*******************************


STARTING the shadow analysis
environment variables read
EXEC_NAME /home/pcw2/SMOG_check.v2_default/mohit_rice-smog2-b09b3038cd8a/smogv2

*******************************
STARTING TESTS for 2ci2_v2.pdb
*******************************


checking number of contacts and exclusions match...
597 597 PASSED
number of atoms = 521
number of atoms(excluding ligands) = 521
Dihedral energy = 173.666666664201
Contact energy = 347.333333345488
max dihedral = 9.140350877e-01
min dihedral = 1.142543860e-01
generated angles, dihedrals, impropers
716 1684 26064
excluded volume:PASSED
106 rigid dihedrals are identified
duplicate bonds...: PASSED
duplicate angles...: PASSED
bond angles...: PASSED
dihedral angles...: PASSED
strength of rigid dihedrals: PASSED
duplicate dihedrals...: PASSED
Type-3 dihedrals...: PASSED
protein backbone dihedrals: PASSED
protein sidechain dihedrals: PASSED
NA backbone dihedrals: PASSED
NA sidechain dihedrals: PASSED
contact distances: PASSED
no stacking interactions with these parameters
non-stacking interactions: PASSED
protein dihedral BB, SC values: 0.914 0.457
protein dihedral ratio: PASSED
PASSED: range of dihedrals ok
The contact/dihedral ratio: PASSED
exclusion-pair matching: PASSED
target 2 actual 2.00000000009839
The total energy: PASSED
number of non-ligand atoms 521 total E 521.000000009689

*******************************
PASSED
*******************************



*******************************
PASSED ALL BASIC TESTS for 2ci2_v2.pdb
*******************************


environment variables read
EXEC_NAME /home/pcw2/SMOG_check.v2_default/mohit_rice-smog2-b09b3038cd8a/smogv2

*******************************
STARTING TESTS for 2GIS_noSAM_v2.pdb
*******************************


checking number of contacts and exclusions match...
1909 1909 PASSED
number of atoms = 2029
number of atoms(excluding ligands) = 2029
Dihedral energy = 676.333333383577
Contact energy = 1352.66666661692
max dihedral = 6.553617571e-01
min dihedral = 1.638404393e-01
generated angles, dihedrals, impropers
3550 9562 161712
excluded volume:PASSED
800 rigid dihedrals are identified
duplicate bonds...: PASSED
duplicate angles...: PASSED
bond angles...: PASSED
dihedral angles...: PASSED
strength of rigid dihedrals: PASSED
duplicate dihedrals...: PASSED
Type-3 dihedrals...: PASSED
protein backbone dihedrals: PASSED
protein sidechain dihedrals: PASSED
NA backbone dihedrals: PASSED
NA sidechain dihedrals: PASSED
contact distances: PASSED
stacking interactions: PASSED
non-stacking interactions: PASSED
ratio between stacking and non-stacking: PASSED
nucleic dihedral BB SC values: 0.6553 0.6553
nucleic dihedral ratio: PASSED
PASSED: range of dihedrals ok
The contact/dihedral ratio: PASSED
exclusion-pair matching: PASSED
target 2 actual 1.99999999977788
The total energy: PASSED
number of non-ligand atoms 2029 total E 2029.0000000005

*******************************
PASSED
*******************************



*******************************
PASSED ALL BASIC TESTS for 2GIS_noSAM_v2.pdb
*******************************


environment variables read
EXEC_NAME /home/pcw2/SMOG_check.v2_default/mohit_rice-smog2-b09b3038cd8a/smogv2

*******************************
STARTING TESTS for 3IZH_v2.pdb
*******************************


checking number of contacts and exclusions match...
78947 78947 PASSED
number of atoms = 61632
number of atoms(excluding ligands) = 61632
Dihedral energy = 20544.0000003511
Contact energy = 41087.9999980894
max dihedral = 8.623237072e-01
min dihedral = 1.077904634e-01
generated angles, dihedrals, impropers
83456 192928 3036672
excluded volume:PASSED
10256 rigid dihedrals are identified
duplicate bonds...: PASSED
duplicate angles...: PASSED
bond angles...: PASSED
dihedral angles...: PASSED
strength of rigid dihedrals: PASSED
duplicate dihedrals...: PASSED
Type-3 dihedrals...: PASSED
protein backbone dihedrals: PASSED
protein sidechain dihedrals: PASSED
NA backbone dihedrals: PASSED
NA sidechain dihedrals: PASSED
contact distances: PASSED
no stacking interactions with these parameters
non-stacking interactions: PASSED
protein dihedral BB, SC values: 0.8623 0.4311
protein dihedral ratio: PASSED
PASSED: range of dihedrals ok
The contact/dihedral ratio: PASSED
exclusion-pair matching: PASSED
target 2 actual 1.99999999987282
The total energy: PASSED
number of non-ligand atoms 61632 total E 61631.9999984405

*******************************
PASSED
*******************************



*******************************
PASSED ALL BASIC TESTS for 3IZH_v2.pdb
*******************************


environment variables read
EXEC_NAME /home/pcw2/SMOG_check.v2_default/mohit_rice-smog2-b09b3038cd8a/smogv2

*******************************
STARTING TESTS for full.pre.v2.pdb
*******************************


checking number of contacts and exclusions match...
126262 126262 PASSED
number of atoms = 94032
number of atoms(excluding ligands) = 94032
Dihedral energy = 31344.0000010762
Contact energy = 62688.0000008149
max dihedral = 7.124445960e-01
min dihedral = 8.905557450e-02
generated angles, dihedrals, impropers
153425 398498 6589728
excluded volume:PASSED
31712 rigid dihedrals are identified
duplicate bonds...: PASSED
duplicate angles...: PASSED
bond angles...: PASSED
dihedral angles...: PASSED
strength of rigid dihedrals: PASSED
duplicate dihedrals...: PASSED
Type-3 dihedrals...: PASSED
protein backbone dihedrals: PASSED
protein sidechain dihedrals: PASSED
NA backbone dihedrals: PASSED
NA sidechain dihedrals: PASSED
contact distances: PASSED
stacking interactions: PASSED
non-stacking interactions: PASSED
ratio between stacking and non-stacking: PASSED
protein dihedral BB, SC values: 0.7124 0.3562
protein dihedral ratio: PASSED
nucleic dihedral BB SC values: 0.7124 0.7124
nucleic dihedral ratio: PASSED
protein: 0.7124 nucleic acid: 0.7124
0.7124 0.7124
1 1
Target ratio: 1
Actual ratio: 1
consistency between NA-protein backbone dihedrals: PASSED
PASSED: range of dihedrals ok
The contact/dihedral ratio: PASSED
exclusion-pair matching: PASSED
target 2 actual 1.99999999995733
The total energy: PASSED
number of non-ligand atoms 94032 total E 94032.0000018911

*******************************
PASSED
*******************************



*******************************
PASSED ALL BASIC TESTS for full.pre.v2.pdb
*******************************


environment variables read
EXEC_NAME /home/pcw2/SMOG_check.v2_default/mohit_rice-smog2-b09b3038cd8a/smogv2

*******************************
STARTING TESTS for 3PTA.pdb
*******************************


checking number of contacts and exclusions match...
656 656 PASSED
number of atoms = 742
number of atoms(excluding ligands) = 742
Dihedral energy = 247.333333334396
Contact energy = 494.666666671685
max dihedral = 6.309523810e-01
min dihedral = 1.577380952e-01
generated angles, dihedrals, impropers
1171 2838 49248
excluded volume:PASSED
273 rigid dihedrals are identified
duplicate bonds...: PASSED
duplicate angles...: PASSED
bond angles...: PASSED
dihedral angles...: PASSED
strength of rigid dihedrals: PASSED
duplicate dihedrals...: PASSED
Type-3 dihedrals...: PASSED
protein backbone dihedrals: PASSED
protein sidechain dihedrals: PASSED
NA backbone dihedrals: PASSED
NA sidechain dihedrals: PASSED
contact distances: PASSED
stacking interactions: PASSED
non-stacking interactions: PASSED
ratio between stacking and non-stacking: PASSED
nucleic dihedral BB SC values: 0.6309 0.6309
nucleic dihedral ratio: PASSED
PASSED: range of dihedrals ok
The contact/dihedral ratio: PASSED
exclusion-pair matching: PASSED
target 2 actual 2.0000000000117
The total energy: PASSED
number of non-ligand atoms 742 total E 742.000000006081

*******************************
PASSED
*******************************



*******************************
PASSED ALL BASIC TESTS for 3PTA.pdb
*******************************


